<?xml version="1.0" encoding="UTF-8"?>
<!-- Generated by org.testng.reporters.JUnitReportReporter -->
<testsuite skipped="0" hostname="DESKTOP-OL8S5O6" name="LatestNewsTest" tests="1" failures="0" timestamp="22 Jun 2017 12:39:31 GMT" time="15.279" errors="0">
  <testcase name="AssertTest" time="15.279" classname="LatestNewsTest"/>
</testsuite> <!-- LatestNewsTest -->
