<?xml version="1.0" encoding="UTF-8"?>
<!-- Generated by org.testng.reporters.JUnitReportReporter -->
<testsuite skipped="0" hostname="DESKTOP-OL8S5O6" name="ContactPageTest" tests="1" failures="0" timestamp="22 Jun 2017 13:11:47 GMT" time="17.240" errors="0">
  <testcase name="testContactText" time="17.240" classname="ContactPageTest"/>
</testsuite> <!-- ContactPageTest -->
