<?xml version="1.0" encoding="UTF-8"?>
<!-- Generated by org.testng.reporters.JUnitReportReporter -->
<testsuite skipped="0" hostname="DESKTOP-OL8S5O6" name="AboutTest" tests="1" failures="0" timestamp="22 Jun 2017 12:59:50 GMT" time="39.499" errors="0">
  <testcase name="testH1tag" time="39.499" classname="AboutTest"/>
</testsuite> <!-- AboutTest -->
